[debug] [2019-04-09T03:12:02.832Z] ----------------------------------------------------------------------
[debug] [2019-04-09T03:12:02.835Z] Command:       /usr/local/bin/node /usr/local/bin/firebase init
[debug] [2019-04-09T03:12:02.835Z] CLI Version:   6.5.0
[debug] [2019-04-09T03:12:02.835Z] Platform:      darwin
[debug] [2019-04-09T03:12:02.835Z] Node Version:  v10.14.1
[debug] [2019-04-09T03:12:02.836Z] Time:          Mon Apr 08 2019 22:12:02 GMT-0500 (Central Daylight Time)
[debug] [2019-04-09T03:12:02.836Z] ----------------------------------------------------------------------
[debug] 
[debug] [2019-04-09T03:12:02.843Z] > command requires scopes: ["email","openid","https://www.googleapis.com/auth/cloudplatformprojects.readonly","https://www.googleapis.com/auth/firebase","https://www.googleapis.com/auth/cloud-platform"]
[debug] [2019-04-09T03:12:02.844Z] > authorizing via signed-in user
[info] 
     ######## #### ########  ######## ########     ###     ######  ########
     ##        ##  ##     ## ##       ##     ##  ##   ##  ##       ##
     ######    ##  ########  ######   ########  #########  ######  ######
     ##        ##  ##    ##  ##       ##     ## ##     ##       ## ##
     ##       #### ##     ## ######## ########  ##     ##  ######  ########

You're about to initialize a Firebase project in this directory:

  /Users/hirokoross/digitalCrafts/hondana

[info] 
=== Project Setup
[info] 
[info] First, let's associate this project directory with a Firebase project.
[info] You can create multiple project aliases by running firebase use --add, 
[info] but for now we'll just set up a default project.
[info] 
[debug] [2019-04-09T03:12:23.754Z] >>> HTTP REQUEST GET https://firebase.googleapis.com/v1beta1/projects?page_size=100  
 
[debug] [2019-04-09T03:12:24.122Z] <<< HTTP RESPONSE 200
[info] i  Using project myhondana (BookShelf)
[info] 
=== Database Setup
[info] 
[info] Firebase Realtime Database Rules allow you to define how your data should be
[info] structured and when your data can be read from and written to.
[info] 
